c:\users\hyperion0201\source\repos\librarymanager\librarymanager\x64\debug\vc141.pdb
c:\users\hyperion0201\source\repos\librarymanager\librarymanager\x64\debug\vc141.idb
c:\users\hyperion0201\source\repos\librarymanager\librarymanager\x64\debug\mainactivity.obj
c:\users\hyperion0201\source\repos\librarymanager\librarymanager\x64\debug\bookcomponents.obj
c:\users\hyperion0201\source\repos\librarymanager\librarymanager\x64\debug\bookmanagement.obj
c:\users\hyperion0201\source\repos\librarymanager\librarymanager\x64\debug\introduction.obj
c:\users\hyperion0201\source\repos\librarymanager\librarymanager\x64\debug\librarycard.obj
c:\users\hyperion0201\source\repos\librarymanager\librarymanager\x64\debug\librarycomponents.obj
c:\users\hyperion0201\source\repos\librarymanager\librarymanager\x64\debug\statistics.obj
c:\users\hyperion0201\source\repos\librarymanager\librarymanager\x64\debug\studentcomponents.obj
c:\users\hyperion0201\source\repos\librarymanager\librarymanager\x64\debug\studentmanagement.obj
c:\users\hyperion0201\source\repos\librarymanager\x64\debug\librarymanager.ilk
c:\users\hyperion0201\source\repos\librarymanager\x64\debug\librarymanager.exe
c:\users\hyperion0201\source\repos\librarymanager\x64\debug\librarymanager.pdb
c:\users\hyperion0201\source\repos\librarymanager\librarymanager\x64\debug\librarymanager.tlog\cl.command.1.tlog
c:\users\hyperion0201\source\repos\librarymanager\librarymanager\x64\debug\librarymanager.tlog\cl.read.1.tlog
c:\users\hyperion0201\source\repos\librarymanager\librarymanager\x64\debug\librarymanager.tlog\cl.write.1.tlog
c:\users\hyperion0201\source\repos\librarymanager\librarymanager\x64\debug\librarymanager.tlog\link.command.1.tlog
c:\users\hyperion0201\source\repos\librarymanager\librarymanager\x64\debug\librarymanager.tlog\link.read.1.tlog
c:\users\hyperion0201\source\repos\librarymanager\librarymanager\x64\debug\librarymanager.tlog\link.write.1.tlog
